<?xml version="1.0" encoding="UTF-8"?>
<testng-results ignored="0" total="1" passed="1" failed="0" skipped="0">
  <reporter-output>
  </reporter-output>
  <suite started-at="2022-11-15T20:38:21 IST" name="Default suite" finished-at="2022-11-15T20:43:46 IST" duration-ms="324926">
    <groups>
    </groups>
    <test started-at="2022-11-15T20:38:21 IST" name="Default test" finished-at="2022-11-15T20:43:46 IST" duration-ms="324926">
      <class name="highlevel.CalendarAutomation">
        <test-method is-config="true" signature="setup()[pri:0, instance:highlevel.CalendarAutomation@6bedbc4d]" started-at="2022-11-15T20:38:21 IST" name="setup" finished-at="2022-11-15T20:38:28 IST" duration-ms="7691" status="PASS">
          <reporter-output>
          </reporter-output>
        </test-method> <!-- setup -->
        <test-method signature="TC_01_createAppointmentandValidateTimeZone()[pri:0, instance:highlevel.CalendarAutomation@6bedbc4d]" started-at="2022-11-15T20:38:29 IST" name="TC_01_createAppointmentandValidateTimeZone" finished-at="2022-11-15T20:43:45 IST" duration-ms="316792" status="PASS">
          <reporter-output>
          </reporter-output>
        </test-method> <!-- TC_01_createAppointmentandValidateTimeZone -->
        <test-method is-config="true" signature="quit()[pri:0, instance:highlevel.CalendarAutomation@6bedbc4d]" started-at="2022-11-15T20:43:45 IST" name="quit" finished-at="2022-11-15T20:43:46 IST" duration-ms="375" status="PASS">
          <reporter-output>
          </reporter-output>
        </test-method> <!-- quit -->
      </class> <!-- highlevel.CalendarAutomation -->
    </test> <!-- Default test -->
  </suite> <!-- Default suite -->
</testng-results>
